Start testing: Jan 19 15:15 Œrodkowoeuropejski czas stand.
----------------------------------------------------------
Unable to find executable: run_tests_NOT_BUILT
1/1 Testing: run_tests_NOT_BUILT
1/1 Test: run_tests_NOT_BUILT
Command: ""
Directory: C:/Users/Lenovo-X260/Desktop/ZadaniaGit/CodeWars/build
"run_tests_NOT_BUILT" start time: 
Output:
----------------------------------------------------------
<end of output>
Test time =   0.00 sec
----------------------------------------------------------
Test Passed.
"run_tests_NOT_BUILT" end time: Jan 19 15:15 Œrodkowoeuropejski czas stand.
"run_tests_NOT_BUILT" time elapsed: 00:00:00
----------------------------------------------------------

End testing: Jan 19 15:15 Œrodkowoeuropejski czas stand.
